TN:
SF:src/classes/Metadata.ts
FN:3,get
FN:8,(anonymous_1)
FN:12,(anonymous_2)
FN:16,(anonymous_3)
FN:20,(anonymous_4)
FN:24,(anonymous_5)
FN:28,(anonymous_6)
FN:32,(anonymous_7)
FN:42,(anonymous_8)
FN:46,(anonymous_9)
FN:50,(anonymous_10)
FN:57,(anonymous_11)
FN:69,(anonymous_12)
FN:73,(anonymous_13)
FN:54,(anonymous_14)
FNF:15
FNH:14
FNDA:9,get
FNDA:4,(anonymous_1)
FNDA:1,(anonymous_2)
FNDA:1,(anonymous_3)
FNDA:0,(anonymous_4)
FNDA:1,(anonymous_5)
FNDA:1,(anonymous_6)
FNDA:5,(anonymous_7)
FNDA:1,(anonymous_8)
FNDA:1,(anonymous_9)
FNDA:2,(anonymous_10)
FNDA:12,(anonymous_11)
FNDA:3,(anonymous_12)
FNDA:1,(anonymous_13)
FNDA:3,(anonymous_14)
DA:1,1
DA:4,9
DA:7,1
DA:9,4
DA:13,1
DA:17,1
DA:21,0
DA:25,1
DA:29,1
DA:33,5
DA:34,5
DA:39,1
DA:43,1
DA:47,1
DA:51,2
DA:54,1
DA:55,3
DA:58,12
DA:59,12
DA:61,12
DA:62,10
DA:63,10
DA:66,12
DA:70,3
DA:74,1
DA:78,1
DA:79,1
DA:80,1
DA:81,1
LF:29
LH:28
BRDA:3,0,0,7
BRDA:4,1,0,2
BRDA:4,1,1,7
BRDA:58,2,0,4
BRDA:58,2,1,8
BRDA:58,3,0,4
BRDA:58,3,1,0
BRDA:61,4,0,10
BRDA:61,4,1,2
BRDA:70,5,0,3
BRDA:70,5,1,1
BRDA:74,6,0,1
BRDA:74,6,1,0
BRDA:55,7,0,2
BRDA:55,7,1,1
BRDA:55,8,0,2
BRDA:55,8,1,0
BRF:17
BRH:14
end_of_record
TN:
SF:src/helpers/object-helper.ts
FN:7,getClass
FNF:1
FNH:1
FNDA:5,getClass
DA:7,1
DA:8,5
LF:2
LH:2
BRDA:8,0,0,2
BRDA:8,0,1,3
BRF:2
BRH:2
end_of_record
