TN:
SF:src/constants.ts
FN:1,(anonymous_0)
FNF:1
FNH:1
FNDA:3,(anonymous_0)
DA:1,3
DA:2,3
DA:3,3
DA:4,3
DA:5,3
DA:6,3
DA:9,3
LF:7
LH:7
BRDA:1,0,0,3
BRDA:1,0,1,3
BRF:2
BRH:2
end_of_record
TN:
SF:src/classes/Plugin.ts
FN:13,(anonymous_0)
FN:18,(anonymous_1)
FN:22,(anonymous_2)
FN:27,(anonymous_3)
FN:32,(anonymous_4)
FN:36,(anonymous_5)
FNF:6
FNH:5
FNDA:1,(anonymous_0)
FNDA:9,(anonymous_1)
FNDA:3,(anonymous_2)
FNDA:4,(anonymous_3)
FNDA:1,(anonymous_4)
FNDA:0,(anonymous_5)
DA:1,1
DA:4,1
DA:5,1
DA:7,1
DA:8,9
DA:9,9
DA:10,9
DA:11,9
DA:15,1
DA:19,9
DA:23,3
DA:24,3
DA:31,4
DA:32,1
DA:33,1
DA:36,0
DA:39,1
DA:43,3
DA:48,3
LF:19
LH:18
BRDA:18,0,0,2
BRDA:24,1,0,3
BRDA:24,1,1,1
BRDA:31,2,0,1
BRDA:31,2,1,3
BRDA:33,3,0,1
BRDA:33,3,1,0
BRDA:44,4,0,3
BRDA:44,4,1,1
BRDA:45,5,0,3
BRDA:45,5,1,0
BRF:11
BRH:9
end_of_record
TN:
SF:src/classes/index.ts
FNF:0
FNH:0
DA:1,0
LF:1
LH:0
BRF:0
BRH:0
end_of_record
TN:
SF:src/decorators/index.ts
FNF:0
FNH:0
DA:1,0
LF:1
LH:0
BRF:0
BRH:0
end_of_record
TN:
SF:src/decorators/stage.ts
FN:4,Stage
FN:8,(anonymous_1)
FNF:2
FNH:2
FNDA:12,Stage
FNDA:12,(anonymous_1)
DA:2,2
DA:4,2
DA:8,12
DA:9,12
DA:10,12
DA:16,12
DA:17,12
LF:7
LH:7
BRDA:6,0,0,10
BRF:1
BRH:1
end_of_record
TN:
SF:src/exceptions/dependency.ts
FN:5,(anonymous_0)
FNF:1
FNH:1
FNDA:1,(anonymous_0)
DA:1,1
DA:2,1
DA:3,1
DA:6,1
DA:7,1
DA:8,1
LF:6
LH:6
BRDA:5,0,0,0
BRF:1
BRH:0
end_of_record
TN:
SF:src/exceptions/index.ts
FNF:0
FNH:0
DA:1,1
LF:1
LH:1
BRF:0
BRH:0
end_of_record
TN:
SF:src/helpers/index.ts
FNF:0
FNH:0
DA:1,2
LF:1
LH:1
BRF:0
BRH:0
end_of_record
TN:
SF:src/helpers/object-helper.ts
FN:10,getClass
FN:14,getStages
FN:18,getStage
FN:27,setStage
FNF:4
FNH:4
FNDA:88,getClass
FNDA:52,getStages
FNDA:28,getStage
FNDA:19,setStage
DA:1,3
DA:2,3
DA:10,3
DA:11,88
DA:14,3
DA:15,52
DA:18,3
DA:19,28
DA:20,28
DA:21,13
DA:24,28
DA:27,3
DA:28,19
DA:29,19
DA:30,19
LF:15
LH:15
BRDA:11,0,0,1
BRDA:11,0,1,87
BRDA:15,1,0,52
BRDA:15,1,1,24
BRDA:20,2,0,13
BRDA:20,2,1,15
BRF:6
BRH:6
end_of_record
TN:
SF:src/helpers/storage-helper.ts
FN:5,(anonymous_0)
FN:15,(anonymous_1)
FNF:2
FNH:2
FNDA:30,(anonymous_0)
FNDA:63,(anonymous_1)
DA:1,4
DA:2,4
DA:4,4
DA:6,30
DA:7,3
DA:8,3
DA:10,27
DA:11,27
DA:16,63
DA:17,26
DA:20,37
DA:21,4
DA:22,0
DA:25,4
DA:26,4
DA:29,33
LF:16
LH:15
BRDA:6,0,0,3
BRDA:6,0,1,27
BRDA:16,1,0,26
BRDA:16,1,1,37
BRDA:20,2,0,4
BRDA:20,2,1,33
BRDA:21,3,0,0
BRDA:21,3,1,4
BRF:8
BRH:7
end_of_record
TN:
SF:src/libs/utilities.ts
FN:24,findIndex
FN:40,(anonymous_1)
FN:50,(anonymous_2)
FN:54,(anonymous_3)
FN:73,size
FN:100,each
FNF:6
FNH:6
FNDA:18,findIndex
FNDA:8,(anonymous_1)
FNDA:16,(anonymous_2)
FNDA:13,(anonymous_3)
FNDA:17,size
FNDA:12,each
DA:24,2
DA:28,18
DA:29,3
DA:33,15
DA:34,4
DA:38,11
DA:39,5
DA:40,5
DA:41,8
DA:42,0
DA:44,8
DA:49,6
DA:50,6
DA:51,16
DA:52,5
DA:54,13
DA:58,0
DA:73,2
DA:74,17
DA:75,3
DA:78,14
DA:79,8
DA:82,6
DA:83,3
DA:86,3
DA:100,2
DA:104,12
DA:105,2
DA:108,10
LF:29
LH:27
BRDA:28,0,0,3
BRDA:28,0,1,15
BRDA:33,1,0,4
BRDA:33,1,1,11
BRDA:38,2,0,5
BRDA:38,2,1,6
BRDA:38,3,0,11
BRDA:38,3,1,5
BRDA:41,4,0,0
BRDA:41,4,1,8
BRDA:41,5,0,8
BRDA:41,5,1,8
BRDA:49,6,0,6
BRDA:49,6,1,0
BRDA:49,7,0,6
BRDA:49,7,1,6
BRDA:51,8,0,5
BRDA:51,8,1,11
BRDA:51,9,0,16
BRDA:51,9,1,14
BRDA:74,10,0,3
BRDA:74,10,1,14
BRDA:78,11,0,8
BRDA:78,11,1,6
BRDA:78,12,0,14
BRDA:78,12,1,7
BRDA:82,13,0,3
BRDA:82,13,1,3
BRDA:104,14,0,2
BRDA:104,14,1,10
BRF:30
BRH:28
end_of_record
